# JRE version: Java(TM) SE Runtime Environment (8.0_281-b09) (build 1.8.0_281-b09)
# Java VM: Java HotSpot(TM) 64-Bit Server VM (25.281-b09 mixed mode windows-amd64 compressed oops)
Heap:
 PSYoungGen      total 311808K, used 211913K [0x00000000d5d00000, 0x00000000ee380000, 0x0000000100000000)
  eden space 294912K, 67% used [0x00000000d5d00000,0x00000000e1edd6a0,0x00000000e7d00000)
  from space 16896K, 79% used [0x00000000e7d00000,0x00000000e8a14f00,0x00000000e8d80000)
  to   space 17920K, 0% used [0x00000000ed200000,0x00000000ed200000,0x00000000ee380000)
 ParOldGen       total 118784K, used 23649K [0x0000000081600000, 0x0000000088a00000, 0x00000000d5d00000)
  object space 118784K, 19% used [0x0000000081600000,0x0000000082d184a8,0x0000000088a00000)
 Metaspace       used 71739K, capacity 75198K, committed 75416K, reserved 1114112K
  class space    used 10223K, capacity 10818K, committed 10920K, reserved 1048576K
GC Heap History (10 events):
Event: 4.102 GC heap before
{Heap before GC invocations=12 (full 2):
 PSYoungGen      total 187392K, used 176128K [0x00000000d5d00000, 0x00000000e5c80000, 0x0000000100000000)
  eden space 176128K, 100% used [0x00000000d5d00000,0x00000000e0900000,0x00000000e0900000)
  from space 11264K, 0% used [0x00000000e0900000,0x00000000e0900000,0x00000000e1400000)
  to   space 11776K, 0% used [0x00000000e5100000,0x00000000e5100000,0x00000000e5c80000)
 ParOldGen       total 83456K, used 14492K [0x0000000081600000, 0x0000000086780000, 0x00000000d5d00000)
  object space 83456K, 17% used [0x0000000081600000,0x0000000082427060,0x0000000086780000)
 Metaspace       used 42299K, capacity 44320K, committed 44712K, reserved 1087488K
  class space    used 5611K, capacity 5996K, committed 6056K, reserved 1048576K
Event: 4.115 GC heap after
Heap after GC invocations=12 (full 2):
 PSYoungGen      total 241664K, used 11685K [0x00000000d5d00000, 0x00000000e5c80000, 0x0000000100000000)
  eden space 229888K, 0% used [0x00000000d5d00000,0x00000000d5d00000,0x00000000e3d80000)
  from space 11776K, 99% used [0x00000000e5100000,0x00000000e5c695a0,0x00000000e5c80000)
  to   space 12800K, 0% used [0x00000000e4380000,0x00000000e4380000,0x00000000e5000000)
 ParOldGen       total 83456K, used 14500K [0x0000000081600000, 0x0000000086780000, 0x00000000d5d00000)
  object space 83456K, 17% used [0x0000000081600000,0x0000000082429060,0x0000000086780000)
 Metaspace       used 42299K, capacity 44320K, committed 44712K, reserved 1087488K
  class space    used 5611K, capacity 5996K, committed 6056K, reserved 1048576K
}
Event: 5.529 GC heap before
{Heap before GC invocations=13 (full 2):
 PSYoungGen      total 241664K, used 241573K [0x00000000d5d00000, 0x00000000e5c80000, 0x0000000100000000)
  eden space 229888K, 100% used [0x00000000d5d00000,0x00000000e3d80000,0x00000000e3d80000)
  from space 11776K, 99% used [0x00000000e5100000,0x00000000e5c695a0,0x00000000e5c80000)
  to   space 12800K, 0% used [0x00000000e4380000,0x00000000e4380000,0x00000000e5000000)
 ParOldGen       total 83456K, used 14500K [0x0000000081600000, 0x0000000086780000, 0x00000000d5d00000)
  object space 83456K, 17% used [0x0000000081600000,0x0000000082429060,0x0000000086780000)
 Metaspace       used 54748K, capacity 56918K, committed 57384K, reserved 1097728K
  class space    used 7746K, capacity 8161K, committed 8232K, reserved 1048576K
Event: 5.543 GC heap after
Heap after GC invocations=13 (full 2):
 PSYoungGen      total 248832K, used 12780K [0x00000000d5d00000, 0x00000000e9e00000, 0x0000000100000000)
  eden space 236032K, 0% used [0x00000000d5d00000,0x00000000d5d00000,0x00000000e4380000)
  from space 12800K, 99% used [0x00000000e4380000,0x00000000e4ffb3c8,0x00000000e5000000)
  to   space 16896K, 0% used [0x00000000e8d80000,0x00000000e8d80000,0x00000000e9e00000)
 ParOldGen       total 83456K, used 20418K [0x0000000081600000, 0x0000000086780000, 0x00000000d5d00000)
  object space 83456K, 24% used [0x0000000081600000,0x00000000829f0a28,0x0000000086780000)
 Metaspace       used 54748K, capacity 56918K, committed 57384K, reserved 1097728K
  class space    used 7746K, capacity 8161K, committed 8232K, reserved 1048576K
}
Event: 5.781 GC heap before
{Heap before GC invocations=14 (full 2):
 PSYoungGen      total 248832K, used 55240K [0x00000000d5d00000, 0x00000000e9e00000, 0x0000000100000000)
  eden space 236032K, 17% used [0x00000000d5d00000,0x00000000d8676c48,0x00000000e4380000)
  from space 12800K, 99% used [0x00000000e4380000,0x00000000e4ffb3c8,0x00000000e5000000)
  to   space 16896K, 0% used [0x00000000e8d80000,0x00000000e8d80000,0x00000000e9e00000)
 ParOldGen       total 83456K, used 20418K [0x0000000081600000, 0x0000000086780000, 0x00000000d5d00000)
  object space 83456K, 24% used [0x0000000081600000,0x00000000829f0a28,0x0000000086780000)
 Metaspace       used 56662K, capacity 58822K, committed 59160K, reserved 1099776K
  class space    used 8040K, capacity 8427K, committed 8488K, reserved 1048576K
Event: 5.790 GC heap after
Heap after GC invocations=14 (full 2):
 PSYoungGen      total 311808K, used 3429K [0x00000000d5d00000, 0x00000000eae00000, 0x0000000100000000)
  eden space 294912K, 0% used [0x00000000d5d00000,0x00000000d5d00000,0x00000000e7d00000)
  from space 16896K, 20% used [0x00000000e8d80000,0x00000000e90d9538,0x00000000e9e00000)
  to   space 16896K, 0% used [0x00000000e7d00000,0x00000000e7d00000,0x00000000e8d80000)
 ParOldGen       total 83456K, used 28671K [0x0000000081600000, 0x0000000086780000, 0x00000000d5d00000)
  object space 83456K, 34% used [0x0000000081600000,0x00000000831ffc00,0x0000000086780000)
 Metaspace       used 56662K, capacity 58822K, committed 59160K, reserved 1099776K
  class space    used 8040K, capacity 8427K, committed 8488K, reserved 1048576K
}
Event: 5.790 GC heap before
{Heap before GC invocations=15 (full 3):
 PSYoungGen      total 311808K, used 3429K [0x00000000d5d00000, 0x00000000eae00000, 0x0000000100000000)
  eden space 294912K, 0% used [0x00000000d5d00000,0x00000000d5d00000,0x00000000e7d00000)
  from space 16896K, 20% used [0x00000000e8d80000,0x00000000e90d9538,0x00000000e9e00000)
  to   space 16896K, 0% used [0x00000000e7d00000,0x00000000e7d00000,0x00000000e8d80000)
 ParOldGen       total 83456K, used 28671K [0x0000000081600000, 0x0000000086780000, 0x00000000d5d00000)
  object space 83456K, 34% used [0x0000000081600000,0x00000000831ffc00,0x0000000086780000)
 Metaspace       used 56662K, capacity 58822K, committed 59160K, reserved 1099776K
  class space    used 8040K, capacity 8427K, committed 8488K, reserved 1048576K
Event: 5.923 GC heap after
Heap after GC invocations=15 (full 3):
 PSYoungGen      total 311808K, used 0K [0x00000000d5d00000, 0x00000000eae00000, 0x0000000100000000)
  eden space 294912K, 0% used [0x00000000d5d00000,0x00000000d5d00000,0x00000000e7d00000)
  from space 16896K, 0% used [0x00000000e8d80000,0x00000000e8d80000,0x00000000e9e00000)
  to   space 16896K, 0% used [0x00000000e7d00000,0x00000000e7d00000,0x00000000e8d80000)
 ParOldGen       total 118784K, used 23641K [0x0000000081600000, 0x0000000088a00000, 0x00000000d5d00000)
  object space 118784K, 19% used [0x0000000081600000,0x0000000082d164a8,0x0000000088a00000)
 Metaspace       used 56662K, capacity 58822K, committed 59160K, reserved 1099776K
  class space    used 8040K, capacity 8427K, committed 8488K, reserved 1048576K
}
Event: 7.524 GC heap before
{Heap before GC invocations=16 (full 3):
 PSYoungGen      total 311808K, used 294912K [0x00000000d5d00000, 0x00000000eae00000, 0x0000000100000000)
  eden space 294912K, 100% used [0x00000000d5d00000,0x00000000e7d00000,0x00000000e7d00000)
  from space 16896K, 0% used [0x00000000e8d80000,0x00000000e8d80000,0x00000000e9e00000)
  to   space 16896K, 0% used [0x00000000e7d00000,0x00000000e7d00000,0x00000000e8d80000)
 ParOldGen       total 118784K, used 23641K [0x0000000081600000, 0x0000000088a00000, 0x00000000d5d00000)
  object space 118784K, 19% used [0x0000000081600000,0x0000000082d164a8,0x0000000088a00000)
 Metaspace       used 64744K, capacity 67734K, committed 67864K, reserved 1107968K
  class space    used 9237K, capacity 9759K, committed 9768K, reserved 1048576K
Event: 7.536 GC heap after
Heap after GC invocations=16 (full 3):
 PSYoungGen      total 311808K, used 13395K [0x00000000d5d00000, 0x00000000ee380000, 0x0000000100000000)
  eden space 294912K, 0% used [0x00000000d5d00000,0x00000000d5d00000,0x00000000e7d00000)
  from space 16896K, 79% used [0x00000000e7d00000,0x00000000e8a14f00,0x00000000e8d80000)
  to   space 17920K, 0% used [0x00000000ed200000,0x00000000ed200000,0x00000000ee380000)
 ParOldGen       total 118784K, used 23649K [0x0000000081600000, 0x0000000088a00000, 0x00000000d5d00000)
  object space 118784K, 19% used [0x0000000081600000,0x0000000082d184a8,0x0000000088a00000)
 Metaspace       used 64744K, capacity 67734K, committed 67864K, reserved 1107968K
  class space    used 9237K, capacity 9759K, committed 9768K, reserved 1048576K
}

